<?xml version="1.0" encoding="UTF-8"?>
<testsuite xmlns:xsi="http://www.w3.org/2001/XMLSchema-instance" xsi:noNamespaceSchemaLocation="https://maven.apache.org/surefire/maven-surefire-plugin/xsd/surefire-test-report.xsd" name="examples.ExamplesTest" time="1.285" tests="1" errors="1" skipped="0" failures="0">
  <properties>
[...]
</properties>
  <testcase name="testParallel" classname="examples.ExamplesTest" time="1.265">
    <error message="mismatched input &apos;d&apos; expecting &lt;EOF&gt;" type="java.lang.RuntimeException"><![CDATA[java.lang.RuntimeException: mismatched input 'd' expecting <EOF>
	at examples.ExamplesTest.testParallel(ExamplesTest.java:14)
]]></error>
    <system-out><![CDATA[14:55:00.570 [main] ERROR com.intuit.karate.core.FeatureParser - not a valid feature file: examples/users/getCall.feature - mismatched input 'd' expecting <EOF>
]]></system-out>
    <system-err><![CDATA[line 27:4 mismatched input 'd' expecting <EOF>
]]></system-err>
  </testcase>
</testsuite>